Построение начато 13.11.2013 0:22:23.
     1>Проект "D:\Program Files\VC2010Professional\VC2010Project's\m__1\m__1\m__1.vcxproj" в узле 2 (целевые объекты build).
     1>InitializeBuildStatus:
         Создание "Debug\m__1.unsuccessfulbuild", так как было задано "AlwaysCreate".
       ClCompile:
         Для всех выходных данных обновления не требуется.
         D:\Program Files\VC2010Professional\VC\bin\CL.exe /c /ZI /nologo /W3 /WX- /Od /Oy- /D WIN32 /D _DEBUG /D _CONSOLE /D _UNICODE /D UNICODE /Gm /EHsc /RTC1 /MDd /GS /fp:precise /Zc:wchar_t /Zc:forScope /Yu"StdAfx.h" /Fp"Debug\m__1.pch" /Fo"Debug\\" /Fd"Debug\vc100.pdb" /Gd /TP /analyze- /errorReport:prompt m__1.cpp
         m__1.cpp
       ManifestResourceCompile:
         Для всех выходных данных обновления не требуется.
       Link:
         D:\Program Files\VC2010Professional\VC\bin\link.exe /ERRORREPORT:PROMPT /OUT:"D:\Program Files\VC2010Professional\VC2010Project's\m__1\Debug\m__1.exe" /INCREMENTAL /NOLOGO kernel32.lib user32.lib gdi32.lib winspool.lib comdlg32.lib advapi32.lib shell32.lib ole32.lib oleaut32.lib uuid.lib odbc32.lib odbccp32.lib /MANIFEST /ManifestFile:"Debug\m__1.exe.intermediate.manifest" /MANIFESTUAC:"level='asInvoker' uiAccess='false'" /DEBUG /PDB:"D:\Program Files\VC2010Professional\VC2010Project's\m__1\Debug\m__1.pdb" /SUBSYSTEM:CONSOLE /TLBID:1 /DYNAMICBASE /NXCOMPAT /IMPLIB:"D:\Program Files\VC2010Professional\VC2010Project's\m__1\Debug\m__1.lib" /MACHINE:X86 Debug\m__1.exe.embed.manifest.res
         Debug\m__1.obj
         Debug\stdafx.obj
       Manifest:
         C:\Program Files\Microsoft SDKs\Windows\v7.0A\bin\mt.exe /nologo /verbose /out:"Debug\m__1.exe.embed.manifest" /manifest Debug\m__1.exe.intermediate.manifest
         Для всех выходных данных обновления не требуется.
       LinkEmbedManifest:
         Для всех выходных данных обновления не требуется.
         m__1.vcxproj -> D:\Program Files\VC2010Professional\VC2010Project's\m__1\Debug\m__1.exe
       FinalizeBuildStatus:
         Файл "Debug\m__1.unsuccessfulbuild" удаляется.
         Обращение к "Debug\m__1.lastbuildstate".
     1>Построение проекта "D:\Program Files\VC2010Professional\VC2010Project's\m__1\m__1\m__1.vcxproj" завершено (целевые объекты build).

Построение успешно завершено.

Затраченное время: 00:00:01.43
